TN:
SF:/home/icaro/Lino-Alerta/api/controllers/alertController.js
FN:11,readCredentials
FN:20,readToken
FN:29,authorize
FN:44,getRecentEmailId
FN:46,(anonymous_4)
FN:49,(anonymous_5)
FN:61,getRecentEmailData
FN:64,(anonymous_7)
FN:67,(anonymous_8)
FN:82,readMessage
FN:94,parseEmail
FN:95,(anonymous_11)
FN:96,(anonymous_12)
FN:137,callGetRecentEmailId
FNF:14
FNH:14
FNDA:7,readCredentials
FNDA:7,readToken
FNDA:6,authorize
FNDA:6,getRecentEmailId
FNDA:6,(anonymous_4)
FNDA:6,(anonymous_5)
FNDA:4,getRecentEmailData
FNDA:4,(anonymous_7)
FNDA:4,(anonymous_8)
FNDA:2,readMessage
FNDA:2,parseEmail
FNDA:6,(anonymous_11)
FNDA:132,(anonymous_12)
FNDA:1,callGetRecentEmailId
DA:2,1
DA:3,1
DA:4,1
DA:5,1
DA:6,1
DA:8,1
DA:9,1
DA:12,7
DA:13,7
DA:14,6
DA:16,1
DA:21,7
DA:22,7
DA:23,6
DA:25,1
DA:30,6
DA:31,6
DA:32,5
DA:37,5
DA:38,5
DA:40,1
DA:45,6
DA:46,6
DA:47,6
DA:50,6
DA:51,2
DA:52,2
DA:54,4
DA:62,4
DA:64,4
DA:65,4
DA:68,4
DA:69,1
DA:70,1
DA:72,3
DA:73,0
DA:75,3
DA:83,2
DA:84,2
DA:86,1
DA:88,1
DA:90,1
DA:95,2
DA:96,6
DA:97,132
DA:101,2
DA:102,2
DA:103,2
DA:104,2
DA:105,2
DA:107,2
DA:109,2
DA:111,2
DA:112,6
DA:113,6
DA:114,2
DA:117,6
DA:118,2
DA:121,2
DA:125,2
DA:132,2
DA:138,1
DA:139,1
DA:140,1
DA:141,1
DA:142,1
DA:143,1
DA:145,1
DA:147,0
DA:153,1
LF:70
LH:68
BRDA:50,0,0,2
BRDA:50,0,1,4
BRDA:68,1,0,1
BRDA:68,1,1,3
BRDA:72,2,0,0
BRDA:72,2,1,3
BRDA:113,3,0,2
BRDA:113,3,1,4
BRDA:117,4,0,2
BRDA:117,4,1,4
BRF:10
BRH:9
end_of_record
TN:
SF:/home/icaro/Lino-Alerta/api/models/alertModel.js
FNF:0
FNH:0
DA:2,1
DA:3,1
DA:5,1
DA:33,1
LF:4
LH:4
BRF:0
BRH:0
end_of_record
