TN:
SF:/home/icaro/Lino-Alerta/api/controllers/alertController.js
FN:13,readCredentials
FN:15,(anonymous_1)
FN:24,readToken
FN:26,(anonymous_3)
FN:35,authorize
FN:50,getNewToken
FN:60,(anonymous_6)
FN:62,(anonymous_7)
FN:66,(anonymous_8)
FN:74,getRecentEmailId
FN:76,(anonymous_10)
FN:79,(anonymous_11)
FN:99,getRecentEmail
FN:102,(anonymous_13)
FN:105,(anonymous_14)
FN:120,readMessage
FN:132,parseEmail
FN:133,(anonymous_17)
FN:134,(anonymous_18)
FN:175,callGetRecentEmailId
FNF:20
FNH:6
FNDA:6,readCredentials
FNDA:0,(anonymous_1)
FNDA:5,readToken
FNDA:0,(anonymous_3)
FNDA:4,authorize
FNDA:0,getNewToken
FNDA:0,(anonymous_6)
FNDA:0,(anonymous_7)
FNDA:0,(anonymous_8)
FNDA:3,getRecentEmailId
FNDA:3,(anonymous_10)
FNDA:3,(anonymous_11)
FNDA:0,getRecentEmail
FNDA:0,(anonymous_13)
FNDA:0,(anonymous_14)
FNDA:0,readMessage
FNDA:0,parseEmail
FNDA:0,(anonymous_17)
FNDA:0,(anonymous_18)
FNDA:0,callGetRecentEmailId
DA:2,1
DA:3,1
DA:4,1
DA:5,1
DA:6,1
DA:7,1
DA:9,1
DA:10,1
DA:11,1
DA:14,6
DA:15,6
DA:16,0
DA:18,0
DA:20,6
DA:25,5
DA:26,5
DA:27,0
DA:29,5
DA:31,0
DA:36,4
DA:37,4
DA:38,0
DA:43,0
DA:44,0
DA:46,4
DA:51,0
DA:55,0
DA:56,0
DA:60,0
DA:61,0
DA:62,0
DA:63,0
DA:64,0
DA:66,0
DA:67,0
DA:68,0
DA:75,3
DA:76,3
DA:77,3
DA:80,3
DA:81,3
DA:82,3
DA:85,0
DA:86,0
DA:89,0
DA:90,0
DA:92,0
DA:100,0
DA:102,0
DA:103,0
DA:106,0
DA:107,0
DA:108,0
DA:110,0
DA:111,0
DA:113,0
DA:121,0
DA:122,0
DA:124,0
DA:126,0
DA:128,0
DA:133,0
DA:134,0
DA:135,0
DA:139,0
DA:140,0
DA:141,0
DA:142,0
DA:143,0
DA:145,0
DA:147,0
DA:149,0
DA:150,0
DA:151,0
DA:152,0
DA:155,0
DA:156,0
DA:159,0
DA:163,0
DA:170,0
DA:176,0
DA:177,0
DA:178,0
DA:179,0
DA:180,0
DA:181,0
DA:182,0
DA:183,0
DA:184,0
DA:186,0
DA:192,1
LF:91
LH:25
BRDA:16,0,0,0
BRDA:16,0,1,0
BRDA:27,1,0,0
BRDA:27,1,1,0
BRDA:63,2,0,0
BRDA:63,2,1,0
BRDA:67,3,0,0
BRDA:67,3,1,0
BRDA:80,4,0,3
BRDA:80,4,1,0
BRDA:85,5,0,0
BRDA:85,5,1,0
BRDA:89,6,0,0
BRDA:89,6,1,0
BRDA:89,7,0,0
BRDA:89,7,1,0
BRDA:106,8,0,0
BRDA:106,8,1,0
BRDA:110,9,0,0
BRDA:110,9,1,0
BRDA:151,10,0,0
BRDA:151,10,1,0
BRDA:155,11,0,0
BRDA:155,11,1,0
BRF:24
BRH:1
end_of_record
TN:
SF:/home/icaro/Lino-Alerta/api/models/alertModel.js
FNF:0
FNH:0
DA:2,1
DA:3,1
DA:5,1
DA:33,1
LF:4
LH:4
BRF:0
BRH:0
end_of_record
